TN:
SF:/Users/hashidzumemasafumi/Programing/JavaScript/ReactToDoList/src/js/actions/toDoList.jsx
FN:17,(anonymous_0)
FN:27,(anonymous_1)
FN:37,(anonymous_2)
FN:47,(anonymous_3)
FN:54,(anonymous_4)
FNF:5
FNH:2
FNDA:0,(anonymous_0)
FNDA:0,(anonymous_1)
FNDA:0,(anonymous_2)
FNDA:1,(anonymous_3)
FNDA:1,(anonymous_4)
DA:3,1
DA:4,1
DA:5,1
DA:6,1
DA:7,1
DA:10,1
DA:11,1
DA:12,1
DA:13,1
DA:14,1
DA:15,1
DA:17,1
DA:24,1
DA:25,1
DA:27,1
DA:34,1
DA:35,1
DA:37,1
DA:44,1
DA:45,1
DA:47,1
DA:54,1
LF:22
LH:22
BRF:0
BRH:0
end_of_record
TN:
SF:/Users/hashidzumemasafumi/Programing/JavaScript/ReactToDoList/src/js/components/InputToDo.jsx
FN:3,(anonymous_0)
FN:7,(anonymous_1)
FN:9,(anonymous_2)
FN:11,(anonymous_3)
FNF:4
FNH:4
FNDA:8,(anonymous_0)
FNDA:1,(anonymous_1)
FNDA:1,(anonymous_2)
FNDA:1,(anonymous_3)
DA:3,1
DA:4,8
DA:7,1
DA:9,1
DA:11,1
LF:5
LH:5
BRF:0
BRH:0
end_of_record
TN:
SF:/Users/hashidzumemasafumi/Programing/JavaScript/ReactToDoList/src/js/reducers/toDoList.jsx
FN:5,toDoListReducer
FNF:1
FNH:1
FNDA:3,toDoListReducer
DA:3,1
DA:6,3
DA:8,0
DA:13,0
DA:18,1
DA:25,0
DA:30,0
DA:35,1
DA:38,1
DA:41,0
LF:10
LH:5
BRDA:5,0,0,0
BRDA:6,1,0,0
BRDA:6,1,1,0
BRDA:6,1,2,1
BRDA:6,1,3,0
BRDA:6,1,4,0
BRDA:6,1,5,1
BRDA:6,1,6,1
BRDA:6,1,7,0
BRF:9
BRH:3
end_of_record
